00:49:09 **** Incremental Build of configuration Debug for project team07project ****
make all 
'Building file: ../main.c'
'Invoking: ARM C Compiler 5'
armcc -I"C:\team07\team07project\Libraries\CMSIS\CoreSupport" -I"C:\team07\team07project\Libraries\CMSIS\DeviceSupport" -I"C:\team07\team07project\Libraries\CMSIS\DeviceSupport\Startup" -I"C:\team07\team07project\Libraries\STM32F10x_StdPeriph_Driver_v3.5\inc" -I"C:\team07\team07project\Libraries\STM32F10x_StdPeriph_Driver_v3.5\src" -O2 --cpu=CORTEX-M3 -g -c -o "main.o" "../main.c"
"../main.c", line 35: Warning:  #1295-D: Deprecated declaration openDoor - give arg types
  void openDoor();
       ^
"../main.c", line 36: Warning:  #1295-D: Deprecated declaration closeDoor - give arg types
  void closeDoor();
       ^
"../main.c", line 37: Warning:  #1295-D: Deprecated declaration TIM_Init - give arg types
  void TIM_Init();
       ^
"../main.c", line 502: Warning:  #167-D: argument of type "char *" is incompatible with parameter of type "u8 *"
  	LCD_ShowString(10, 100, LCD_output, BLACK, WHITE);
  	                        ^
"../main.c", line 547: Warning:  #167-D: argument of type "char *" is incompatible with parameter of type "u8 *"
                 LCD_ShowString(10, 100, LCD_output, BLACK, WHITE);
                                         ^
"../main.c", line 558: Warning:  #167-D: argument of type "char *" is incompatible with parameter of type "u8 *"
        LCD_ShowString(10, 100, LCD_output, BLACK, WHITE);
                                ^
"../main.c", line 658: Warning:  #167-D: argument of type "char *" is incompatible with parameter of type "u8 *"
     LCD_ShowString(200, 100, pass, BLACK, WHITE);
                              ^
"../main.c", line 805: Warning:  #111-D: statement is unreachable
     return 0;
     ^
"../main.c", line 699: Warning:  #177-D: variable "p" was declared but never referenced
     int p = 0;
         ^
../main.c: 9 warnings, 0 errors
'Finished building: ../main.c'
' '
'Building target: team07project.axf'
'Invoking: ARM Linker 5'
armlink --cpu=cortex-m3 --scatter="C:\team07\team07project\stm32-test.sct" --info=sizes -o "team07project.axf"  ./Libraries/STM32F10x_StdPeriph_Driver_v3.5/src/misc.o ./Libraries/STM32F10x_StdPeriph_Driver_v3.5/src/stm32f10x_adc.o ./Libraries/STM32F10x_StdPeriph_Driver_v3.5/src/stm32f10x_bkp.o ./Libraries/STM32F10x_StdPeriph_Driver_v3.5/src/stm32f10x_can.o ./Libraries/STM32F10x_StdPeriph_Driver_v3.5/src/stm32f10x_cec.o ./Libraries/STM32F10x_StdPeriph_Driver_v3.5/src/stm32f10x_crc.o ./Libraries/STM32F10x_StdPeriph_Driver_v3.5/src/stm32f10x_dac.o ./Libraries/STM32F10x_StdPeriph_Driver_v3.5/src/stm32f10x_dbgmcu.o ./Libraries/STM32F10x_StdPeriph_Driver_v3.5/src/stm32f10x_dma.o ./Libraries/STM32F10x_StdPeriph_Driver_v3.5/src/stm32f10x_exti.o ./Libraries/STM32F10x_StdPeriph_Driver_v3.5/src/stm32f10x_flash.o ./Libraries/STM32F10x_StdPeriph_Driver_v3.5/src/stm32f10x_fsmc.o ./Libraries/STM32F10x_StdPeriph_Driver_v3.5/src/stm32f10x_gpio.o ./Libraries/STM32F10x_StdPeriph_Driver_v3.5/src/stm32f10x_i2c.o ./Libraries/STM32F10x_StdPeriph_Driver_v3.5/src/stm32f10x_iwdg.o ./Libraries/STM32F10x_StdPeriph_Driver_v3.5/src/stm32f10x_pwr.o ./Libraries/STM32F10x_StdPeriph_Driver_v3.5/src/stm32f10x_rcc.o ./Libraries/STM32F10x_StdPeriph_Driver_v3.5/src/stm32f10x_rtc.o ./Libraries/STM32F10x_StdPeriph_Driver_v3.5/src/stm32f10x_sdio.o ./Libraries/STM32F10x_StdPeriph_Driver_v3.5/src/stm32f10x_spi.o ./Libraries/STM32F10x_StdPeriph_Driver_v3.5/src/stm32f10x_tim.o ./Libraries/STM32F10x_StdPeriph_Driver_v3.5/src/stm32f10x_usart.o ./Libraries/STM32F10x_StdPeriph_Driver_v3.5/src/stm32f10x_wwdg.o  ./Libraries/CMSIS/DeviceSupport/Startup/startup_stm32f10x_cl.o  ./Libraries/CMSIS/DeviceSupport/system_stm32f10x.o  ./Libraries/CMSIS/CoreSupport/core_cm3.o  ./lcd.o ./main.o ./touch.o   

==============================================================================

Image component sizes


      Code (inc. data)   RO Data    RW Data    ZI Data      Debug   Object Name

      2704         40       4088          6          0       8460   lcd.o
      3096        242          0         88       1000      26885   main.o
       176         14          0          0          0     227377   misc.o
        64         26        336          0       1536        868   startup_stm32f10x_cl.o
         0          0          0          0          0     233060   stm32f10x_adc.o
       232          8          0          0          0       4411   stm32f10x_exti.o
       612         36          0          0          0      13437   stm32f10x_gpio.o
       872         44          0         20          0      10270   stm32f10x_rcc.o
      2796         86          0          0          0      38618   stm32f10x_tim.o
       808         22          0          0          0      13440   stm32f10x_usart.o
       444         44          0         20          0       2015   system_stm32f10x.o

    ----------------------------------------------------------------------
     11804        562       4458        136       2536     578841   Object Totals
         0          0         32          0          0          0   (incl. Generated)
         0          0          2          2          0          0   (incl. Padding)

    ----------------------------------------------------------------------

      Code (inc. data)   RO Data    RW Data    ZI Data      Debug   Library Member Name

         8          0          0          0          0         68   __main.o
        52          8          0          0          0          0   __scatter.o
        26          0          0          0          0          0   __scatter_copy.o
        28          0          0          0          0          0   __scatter_zi.o
        12          0          0          0          0         72   exit.o
         6          0          0          0          0        152   heapauxi.o
         0          0          0          0          0          0   indicate_semi.o
         2          0          0          0          0          0   libinit.o
         2          0          0          0          0          0   libinit2.o
         2          0          0          0          0          0   libshutdown.o
         2          0          0          0          0          0   libshutdown2.o
         8          4          0          0         96         68   libspace.o
         0          0          0          0          0          0   rtentry.o
        12          0          0          0          0          0   rtentry2.o
         6          0          0          0          0          0   rtentry4.o
         2          0          0          0          0          0   rtexit.o
        10          0          0          0          0          0   rtexit2.o
        62          0          0          0          0         76   strlen.o
        12          4          0          0          0         68   sys_exit.o
        74          0          0          0          0         80   sys_stackheap_outer.o
         2          0          0          0          0         68   use_no_semi.o

    ----------------------------------------------------------------------
       334         16          0          0         96        652   Library Totals
         6          0          0          0          0          0   (incl. Padding)

    ----------------------------------------------------------------------

      Code (inc. data)   RO Data    RW Data    ZI Data      Debug   Library Name

       328         16          0          0         96        652   c_w.l

    ----------------------------------------------------------------------
       334         16          0          0         96        652   Library Totals

    ----------------------------------------------------------------------

==============================================================================


      Code (inc. data)   RO Data    RW Data    ZI Data      Debug   

     12138        578       4458        136       2632     577877   Grand Totals
     12138        578       4458        136       2632     577877   ELF Image Totals
     12138        578       4458        136          0          0   ROM Totals

==============================================================================

    Total RO  Size (Code + RO Data)                16596 (  16.21kB)
    Total RW  Size (RW Data + ZI Data)              2768 (   2.70kB)
    Total ROM Size (Code + RO Data + RW Data)      16732 (  16.34kB)

==============================================================================

'Finished building target: team07project.axf'
' '

00:49:10 Build Finished (took 710ms)

